<?xml version="1.0" encoding="UTF-8"?>
<testng-results skipped="0" failed="0" total="1" passed="1">
  <reporter-output>
  </reporter-output>
  <suite name="Default suite" duration-ms="22620" started-at="2017-11-18T09:55:05Z" finished-at="2017-11-18T09:55:27Z">
    <groups>
    </groups>
    <test name="Default test" duration-ms="22620" started-at="2017-11-18T09:55:05Z" finished-at="2017-11-18T09:55:27Z">
      <class name="sampletest.Sampletest">
        <test-method status="PASS" signature="logintest()[pri:0, instance:sampletest.Sampletest@ceb8e2]" name="logintest" duration-ms="22594" started-at="2017-11-18T15:25:05Z" finished-at="2017-11-18T15:25:27Z">
          <reporter-output>
          </reporter-output>
        </test-method> <!-- logintest -->
      </class> <!-- sampletest.Sampletest -->
    </test> <!-- Default test -->
  </suite> <!-- Default suite -->
</testng-results>
